Collecting asyncio==3.4.3 (from -r requirements.txt (line 1))
  Using cached asyncio-3.4.3-py3-none-any.whl.metadata (1.7 kB)
Collecting bcrypt==4.3.0 (from -r requirements.txt (line 2))
  Using cached bcrypt-4.3.0-cp39-abi3-manylinux_2_28_armv7l.manylinux_2_31_armv7l.whl.metadata (10 kB)
Collecting blinker==1.9.0 (from -r requirements.txt (line 3))
  Using cached blinker-1.9.0-py3-none-any.whl.metadata (1.6 kB)
Collecting cffi==1.17.1 (from -r requirements.txt (line 4))
  Using cached cffi-1.17.1-cp313-cp313-linux_armv7l.whl
Collecting click==8.2.1 (from -r requirements.txt (line 5))
  Using cached click-8.2.1-py3-none-any.whl.metadata (2.5 kB)
Collecting colorama==0.4.6 (from -r requirements.txt (line 6))
  Using cached colorama-0.4.6-py2.py3-none-any.whl.metadata (17 kB)
Collecting cryptography==45.0.3 (from -r requirements.txt (line 7))
  Using cached cryptography-45.0.3-cp311-abi3-manylinux_2_28_armv7l.manylinux_2_31_armv7l.whl.metadata (5.7 kB)
Collecting Flask==3.1.1 (from -r requirements.txt (line 8))
  Using cached flask-3.1.1-py3-none-any.whl.metadata (3.0 kB)
Collecting Flask-WTF==1.2.2 (from -r requirements.txt (line 9))
  Using cached flask_wtf-1.2.2-py3-none-any.whl.metadata (3.4 kB)
Collecting itsdangerous==2.2.0 (from -r requirements.txt (line 10))
  Using cached itsdangerous-2.2.0-py3-none-any.whl.metadata (1.9 kB)
Collecting Jinja2==3.1.6 (from -r requirements.txt (line 11))
  Using cached jinja2-3.1.6-py3-none-any.whl.metadata (2.9 kB)
Collecting lxml==5.4.0 (from -r requirements.txt (line 12))
  Using cached lxml-5.4.0.tar.gz (3.7 MB)
  Installing build dependencies: started
  Installing build dependencies: finished with status 'done'
  Getting requirements to build wheel: started
  Getting requirements to build wheel: finished with status 'done'
  Preparing metadata (pyproject.toml): started
  Preparing metadata (pyproject.toml): finished with status 'done'
Collecting MarkupSafe==3.0.2 (from -r requirements.txt (line 13))
  Using cached markupsafe-3.0.2-cp313-cp313-linux_armv7l.whl
Collecting opcua==0.98.13 (from -r requirements.txt (line 14))
  Using cached opcua-0.98.13-py3-none-any.whl
Collecting pycparser==2.22 (from -r requirements.txt (line 15))
  Using cached pycparser-2.22-py3-none-any.whl.metadata (943 bytes)
Collecting pymodbus==3.9.2 (from -r requirements.txt (line 16))
  Using cached pymodbus-3.9.2-py3-none-any.whl.metadata (15 kB)
Collecting pyModbusTCP==0.3.0 (from -r requirements.txt (line 17))
  Using cached pyModbusTCP-0.3.0-py3-none-any.whl.metadata (3.5 kB)
Collecting pyserial==3.5 (from -r requirements.txt (line 18))
  Using cached pyserial-3.5-py2.py3-none-any.whl.metadata (1.6 kB)
Collecting python-dateutil==2.9.0.post0 (from -r requirements.txt (line 19))
  Using cached python_dateutil-2.9.0.post0-py2.py3-none-any.whl.metadata (8.4 kB)
Collecting pytz==2025.2 (from -r requirements.txt (line 20))
  Using cached pytz-2025.2-py2.py3-none-any.whl.metadata (22 kB)
Collecting six==1.17.0 (from -r requirements.txt (line 21))
  Using cached six-1.17.0-py2.py3-none-any.whl.metadata (1.7 kB)
Collecting Werkzeug==3.1.3 (from -r requirements.txt (line 22))
  Using cached werkzeug-3.1.3-py3-none-any.whl.metadata (3.7 kB)
Collecting WTForms==3.2.1 (from -r requirements.txt (line 23))
  Using cached wtforms-3.2.1-py3-none-any.whl.metadata (5.3 kB)
Using cached asyncio-3.4.3-py3-none-any.whl (101 kB)
Using cached bcrypt-4.3.0-cp39-abi3-manylinux_2_28_armv7l.manylinux_2_31_armv7l.whl (297 kB)
Using cached blinker-1.9.0-py3-none-any.whl (8.5 kB)
Using cached click-8.2.1-py3-none-any.whl (102 kB)
Using cached colorama-0.4.6-py2.py3-none-any.whl (25 kB)
Using cached cryptography-45.0.3-cp311-abi3-manylinux_2_28_armv7l.manylinux_2_31_armv7l.whl (3.9 MB)
Using cached flask-3.1.1-py3-none-any.whl (103 kB)
Using cached flask_wtf-1.2.2-py3-none-any.whl (12 kB)
Using cached itsdangerous-2.2.0-py3-none-any.whl (16 kB)
Using cached jinja2-3.1.6-py3-none-any.whl (134 kB)
Using cached pycparser-2.22-py3-none-any.whl (117 kB)
Using cached pymodbus-3.9.2-py3-none-any.whl (165 kB)
Using cached pyModbusTCP-0.3.0-py3-none-any.whl (24 kB)
Using cached pyserial-3.5-py2.py3-none-any.whl (90 kB)
Using cached python_dateutil-2.9.0.post0-py2.py3-none-any.whl (229 kB)
Using cached pytz-2025.2-py2.py3-none-any.whl (509 kB)
Using cached six-1.17.0-py2.py3-none-any.whl (11 kB)
Using cached werkzeug-3.1.3-py3-none-any.whl (224 kB)
Using cached wtforms-3.2.1-py3-none-any.whl (152 kB)
Building wheels for collected packages: lxml
  Building wheel for lxml (pyproject.toml): started
  Building wheel for lxml (pyproject.toml): still running...
  Building wheel for lxml (pyproject.toml): finished with status 'error'
  error: subprocess-exited-with-error
  
  × Building wheel for lxml (pyproject.toml) did not run successfully.
  │ exit code: 1
  ╰─> [121 lines of output]
      <string>:67: UserWarning: pkg_resources is deprecated as an API. See https://setuptools.pypa.io/en/latest/pkg_resources.html. The pkg_resources package is slated for removal as early as 2025-11-30. Refrain from using this package or pin to Setuptools<81.
      /home/suporte/pip-temp/pip-build-env-pbozv7sx/overlay/lib/python3.13/site-packages/setuptools/dist.py:759: SetuptoolsDeprecationWarning: License classifiers are deprecated.
      !!
      
              ********************************************************************************
              Please consider removing the following classifiers in favor of a SPDX license expression:
      
              License :: OSI Approved :: BSD License
      
              See https://packaging.python.org/en/latest/guides/writing-pyproject-toml/#license for details.
              ********************************************************************************
      
      !!
        self._finalize_license_expression()
      Building lxml version 5.4.0.
      Building without Cython.
      Building against libxml2 2.9.14 and libxslt 1.1.35
      running bdist_wheel
      running build
      running build_py
      creating build/lib.linux-armv7l-cpython-313/lxml
      copying src/lxml/usedoctest.py -> build/lib.linux-armv7l-cpython-313/lxml
      copying src/lxml/pyclasslookup.py -> build/lib.linux-armv7l-cpython-313/lxml
      copying src/lxml/ElementInclude.py -> build/lib.linux-armv7l-cpython-313/lxml
      copying src/lxml/cssselect.py -> build/lib.linux-armv7l-cpython-313/lxml
      copying src/lxml/builder.py -> build/lib.linux-armv7l-cpython-313/lxml
      copying src/lxml/_elementpath.py -> build/lib.linux-armv7l-cpython-313/lxml
      copying src/lxml/sax.py -> build/lib.linux-armv7l-cpython-313/lxml
      copying src/lxml/__init__.py -> build/lib.linux-armv7l-cpython-313/lxml
      copying src/lxml/doctestcompare.py -> build/lib.linux-armv7l-cpython-313/lxml
      creating build/lib.linux-armv7l-cpython-313/lxml/includes
      copying src/lxml/includes/__init__.py -> build/lib.linux-armv7l-cpython-313/lxml/includes
      creating build/lib.linux-armv7l-cpython-313/lxml/html
      copying src/lxml/html/formfill.py -> build/lib.linux-armv7l-cpython-313/lxml/html
      copying src/lxml/html/ElementSoup.py -> build/lib.linux-armv7l-cpython-313/lxml/html
      copying src/lxml/html/usedoctest.py -> build/lib.linux-armv7l-cpython-313/lxml/html
      copying src/lxml/html/diff.py -> build/lib.linux-armv7l-cpython-313/lxml/html
      copying src/lxml/html/_setmixin.py -> build/lib.linux-armv7l-cpython-313/lxml/html
      copying src/lxml/html/clean.py -> build/lib.linux-armv7l-cpython-313/lxml/html
      copying src/lxml/html/builder.py -> build/lib.linux-armv7l-cpython-313/lxml/html
      copying src/lxml/html/defs.py -> build/lib.linux-armv7l-cpython-313/lxml/html
      copying src/lxml/html/html5parser.py -> build/lib.linux-armv7l-cpython-313/lxml/html
      copying src/lxml/html/_html5builder.py -> build/lib.linux-armv7l-cpython-313/lxml/html
      copying src/lxml/html/soupparser.py -> build/lib.linux-armv7l-cpython-313/lxml/html
      copying src/lxml/html/_diffcommand.py -> build/lib.linux-armv7l-cpython-313/lxml/html
      copying src/lxml/html/__init__.py -> build/lib.linux-armv7l-cpython-313/lxml/html
      creating build/lib.linux-armv7l-cpython-313/lxml/isoschematron
      copying src/lxml/isoschematron/__init__.py -> build/lib.linux-armv7l-cpython-313/lxml/isoschematron
      copying src/lxml/etree.h -> build/lib.linux-armv7l-cpython-313/lxml
      copying src/lxml/etree_api.h -> build/lib.linux-armv7l-cpython-313/lxml
      copying src/lxml/lxml.etree.h -> build/lib.linux-armv7l-cpython-313/lxml
      copying src/lxml/lxml.etree_api.h -> build/lib.linux-armv7l-cpython-313/lxml
      copying src/lxml/etree.pyx -> build/lib.linux-armv7l-cpython-313/lxml
      copying src/lxml/objectify.pyx -> build/lib.linux-armv7l-cpython-313/lxml
      copying src/lxml/xinclude.pxi -> build/lib.linux-armv7l-cpython-313/lxml
      copying src/lxml/serializer.pxi -> build/lib.linux-armv7l-cpython-313/lxml
      copying src/lxml/iterparse.pxi -> build/lib.linux-armv7l-cpython-313/lxml
      copying src/lxml/apihelpers.pxi -> build/lib.linux-armv7l-cpython-313/lxml
      copying src/lxml/nsclasses.pxi -> build/lib.linux-armv7l-cpython-313/lxml
      copying src/lxml/xmlerror.pxi -> build/lib.linux-armv7l-cpython-313/lxml
      copying src/lxml/parser.pxi -> build/lib.linux-armv7l-cpython-313/lxml
      copying src/lxml/readonlytree.pxi -> build/lib.linux-armv7l-cpython-313/lxml
      copying src/lxml/dtd.pxi -> build/lib.linux-armv7l-cpython-313/lxml
      copying src/lxml/xmlschema.pxi -> build/lib.linux-armv7l-cpython-313/lxml
      copying src/lxml/objectpath.pxi -> build/lib.linux-armv7l-cpython-313/lxml
      copying src/lxml/docloader.pxi -> build/lib.linux-armv7l-cpython-313/lxml
      copying src/lxml/debug.pxi -> build/lib.linux-armv7l-cpython-313/lxml
      copying src/lxml/saxparser.pxi -> build/lib.linux-armv7l-cpython-313/lxml
      copying src/lxml/xslt.pxi -> build/lib.linux-armv7l-cpython-313/lxml
      copying src/lxml/relaxng.pxi -> build/lib.linux-armv7l-cpython-313/lxml
      copying src/lxml/cleanup.pxi -> build/lib.linux-armv7l-cpython-313/lxml
      copying src/lxml/schematron.pxi -> build/lib.linux-armv7l-cpython-313/lxml
      copying src/lxml/proxy.pxi -> build/lib.linux-armv7l-cpython-313/lxml
      copying src/lxml/xpath.pxi -> build/lib.linux-armv7l-cpython-313/lxml
      copying src/lxml/xmlid.pxi -> build/lib.linux-armv7l-cpython-313/lxml
      copying src/lxml/parsertarget.pxi -> build/lib.linux-armv7l-cpython-313/lxml
      copying src/lxml/public-api.pxi -> build/lib.linux-armv7l-cpython-313/lxml
      copying src/lxml/classlookup.pxi -> build/lib.linux-armv7l-cpython-313/lxml
      copying src/lxml/xsltext.pxi -> build/lib.linux-armv7l-cpython-313/lxml
      copying src/lxml/extensions.pxi -> build/lib.linux-armv7l-cpython-313/lxml
      copying src/lxml/includes/uri.pxd -> build/lib.linux-armv7l-cpython-313/lxml/includes
      copying src/lxml/includes/xinclude.pxd -> build/lib.linux-armv7l-cpython-313/lxml/includes
      copying src/lxml/includes/etreepublic.pxd -> build/lib.linux-armv7l-cpython-313/lxml/includes
      copying src/lxml/includes/xslt.pxd -> build/lib.linux-armv7l-cpython-313/lxml/includes
      copying src/lxml/includes/__init__.pxd -> build/lib.linux-armv7l-cpython-313/lxml/includes
      copying src/lxml/includes/xmlschema.pxd -> build/lib.linux-armv7l-cpython-313/lxml/includes
      copying src/lxml/includes/xmlerror.pxd -> build/lib.linux-armv7l-cpython-313/lxml/includes
      copying src/lxml/includes/xpath.pxd -> build/lib.linux-armv7l-cpython-313/lxml/includes
      copying src/lxml/includes/schematron.pxd -> build/lib.linux-armv7l-cpython-313/lxml/includes
      copying src/lxml/includes/c14n.pxd -> build/lib.linux-armv7l-cpython-313/lxml/includes
      copying src/lxml/includes/tree.pxd -> build/lib.linux-armv7l-cpython-313/lxml/includes
      copying src/lxml/includes/htmlparser.pxd -> build/lib.linux-armv7l-cpython-313/lxml/includes
      copying src/lxml/includes/dtdvalid.pxd -> build/lib.linux-armv7l-cpython-313/lxml/includes
      copying src/lxml/includes/relaxng.pxd -> build/lib.linux-armv7l-cpython-313/lxml/includes
      copying src/lxml/includes/xmlparser.pxd -> build/lib.linux-armv7l-cpython-313/lxml/includes
      copying src/lxml/includes/config.pxd -> build/lib.linux-armv7l-cpython-313/lxml/includes
      copying src/lxml/includes/etree_defs.h -> build/lib.linux-armv7l-cpython-313/lxml/includes
      copying src/lxml/includes/lxml-version.h -> build/lib.linux-armv7l-cpython-313/lxml/includes
      creating build/lib.linux-armv7l-cpython-313/lxml/isoschematron/resources/rng
      copying src/lxml/isoschematron/resources/rng/iso-schematron.rng -> build/lib.linux-armv7l-cpython-313/lxml/isoschematron/resources/rng
      creating build/lib.linux-armv7l-cpython-313/lxml/isoschematron/resources/xsl
      copying src/lxml/isoschematron/resources/xsl/RNG2Schtrn.xsl -> build/lib.linux-armv7l-cpython-313/lxml/isoschematron/resources/xsl
      copying src/lxml/isoschematron/resources/xsl/XSD2Schtrn.xsl -> build/lib.linux-armv7l-cpython-313/lxml/isoschematron/resources/xsl
      creating build/lib.linux-armv7l-cpython-313/lxml/isoschematron/resources/xsl/iso-schematron-xslt1
      copying src/lxml/isoschematron/resources/xsl/iso-schematron-xslt1/iso_schematron_message.xsl -> build/lib.linux-armv7l-cpython-313/lxml/isoschematron/resources/xsl/iso-schematron-xslt1
      copying src/lxml/isoschematron/resources/xsl/iso-schematron-xslt1/iso_schematron_skeleton_for_xslt1.xsl -> build/lib.linux-armv7l-cpython-313/lxml/isoschematron/resources/xsl/iso-schematron-xslt1
      copying src/lxml/isoschematron/resources/xsl/iso-schematron-xslt1/iso_dsdl_include.xsl -> build/lib.linux-armv7l-cpython-313/lxml/isoschematron/resources/xsl/iso-schematron-xslt1
      copying src/lxml/isoschematron/resources/xsl/iso-schematron-xslt1/iso_svrl_for_xslt1.xsl -> build/lib.linux-armv7l-cpython-313/lxml/isoschematron/resources/xsl/iso-schematron-xslt1
      copying src/lxml/isoschematron/resources/xsl/iso-schematron-xslt1/iso_abstract_expand.xsl -> build/lib.linux-armv7l-cpython-313/lxml/isoschematron/resources/xsl/iso-schematron-xslt1
      copying src/lxml/isoschematron/resources/xsl/iso-schematron-xslt1/readme.txt -> build/lib.linux-armv7l-cpython-313/lxml/isoschematron/resources/xsl/iso-schematron-xslt1
      running build_ext
      building 'lxml.etree' extension
      creating build/temp.linux-armv7l-cpython-313/src/lxml
      arm-linux-gnueabihf-gcc -fno-strict-overflow -Wsign-compare -DNDEBUG -g -O2 -Wall -fPIC -DCYTHON_CLINE_IN_TRACEBACK=0 -I/usr/include/libxml2 -Isrc -Isrc/lxml/includes -I/home/suporte/IntegratedWise/venv/include -I/usr/include/python3.13 -c src/lxml/etree.c -o build/temp.linux-armv7l-cpython-313/src/lxml/etree.o -w
      arm-linux-gnueabihf-gcc: fatal error: Killed signal terminated program as
      compilation terminated.
      Compile failed: command '/usr/bin/arm-linux-gnueabihf-gcc' failed with exit code 1
      creating home/suporte/pip-temp
      cc -I/usr/include/libxml2 -I/usr/include/libxml2 -c /home/suporte/pip-temp/xmlXPathInitk9vuznfb.c -o home/suporte/pip-temp/xmlXPathInitk9vuznfb.o
      cc home/suporte/pip-temp/xmlXPathInitk9vuznfb.o -lxml2 -o a.out
      error: command '/usr/bin/arm-linux-gnueabihf-gcc' failed with exit code 1
      [end of output]
  
  note: This error originates from a subprocess, and is likely not a problem with pip.
  ERROR: Failed building wheel for lxml
Failed to build lxml
ERROR: Failed to build installable wheels for some pyproject.toml based projects (lxml)
